<?xml version="1.0" encoding="UTF-8"?>
<!-- Generated by org.testng.reporters.JUnitXMLReporter -->
<testsuite ignored="1" hostname="LAPTOP-H79FVVKT" failures="0" tests="1" name="Default test" time="1.57" errors="0" timestamp="2022-08-24T00:58:48 IST">
  <testcase classname="CodingAssignment.AssignmentTest.AssignmentTestVagrant" name="validateTeamHasFourForeignPlayers" time="1.529"/>
  <testcase classname="CodingAssignment.AssignmentTest.AssignmentTestVagrant" name="validateTeamHasAtleastOneWicketKeeper" time="0.0">
    <ignored/>
  </testcase> <!-- validateTeamHasAtleastOneWicketKeeper -->
</testsuite> <!-- Default test -->
