<?xml version="1.0" encoding="UTF-8"?>
<!-- Generated by org.testng.reporters.JUnitXMLReporter -->
<testsuite ignored="0" hostname="LAPTOP-H79FVVKT" failures="0" tests="2" name="Default test" time="1.562" errors="0" timestamp="2022-08-24T09:39:54 IST">
  <testcase classname="CodingAssignment.AssignmentTest.AssignmentTestsWithJson" name="validateTeamHasAtleastOneWicketKeeper" time="1.325"/>
  <testcase classname="CodingAssignment.AssignmentTest.AssignmentTestsWithJson" name="validateTeamHasFourForeignPlayers" time="0.208"/>
</testsuite> <!-- Default test -->
