<?xml version="1.0" encoding="UTF-8"?>
<!-- Generated by org.testng.reporters.JUnitXMLReporter -->
<testsuite ignored="0" hostname="LAPTOP-H79FVVKT" failures="0" tests="4" name="Test" time="1.942" errors="0" timestamp="2022-08-24T12:35:43 IST">
  <testcase classname="CodingAssignment.AssignmentTest.AssignmentTestWithJsonServer" name="validateTeamHasAtleastOneWicketKeeper" time="0.94"/>
  <testcase classname="CodingAssignment.AssignmentTest.AssignmentTestWithJsonServer" name="validateTeamHasFourForeignPlayers" time="0.038"/>
  <testcase classname="CodingAssignment.AssignmentTest.AssignmentTestsWithJson" name="validateTeamHasAtleastOneWicketKeeper" time="0.73"/>
  <testcase classname="CodingAssignment.AssignmentTest.AssignmentTestsWithJson" name="validateTeamHasFourForeignPlayers" time="0.204"/>
</testsuite> <!-- Test -->
