<?xml version="1.0" encoding="UTF-8"?>
<testng-results ignored="0" total="4" passed="4" failed="0" skipped="0">
  <reporter-output>
  </reporter-output>
  <suite started-at="2022-08-24T12:35:41 IST" name="Suite" finished-at="2022-08-24T12:35:43 IST" duration-ms="1942">
    <groups>
    </groups>
    <test started-at="2022-08-24T12:35:41 IST" name="Test" finished-at="2022-08-24T12:35:43 IST" duration-ms="1942">
      <class name="CodingAssignment.AssignmentTest.AssignmentTestWithJsonServer">
        <test-method signature="validateTeamHasAtleastOneWicketKeeper()[pri:0, instance:CodingAssignment.AssignmentTest.AssignmentTestWithJsonServer@2a492f2a]" started-at="2022-08-24T12:35:41 IST" name="validateTeamHasAtleastOneWicketKeeper" finished-at="2022-08-24T12:35:42 IST" duration-ms="940" status="PASS">
          <reporter-output>
          </reporter-output>
        </test-method> <!-- validateTeamHasAtleastOneWicketKeeper -->
        <test-method signature="validateTeamHasFourForeignPlayers()[pri:0, instance:CodingAssignment.AssignmentTest.AssignmentTestWithJsonServer@2a492f2a]" started-at="2022-08-24T12:35:42 IST" name="validateTeamHasFourForeignPlayers" finished-at="2022-08-24T12:35:42 IST" duration-ms="38" status="PASS">
          <reporter-output>
          </reporter-output>
        </test-method> <!-- validateTeamHasFourForeignPlayers -->
      </class> <!-- CodingAssignment.AssignmentTest.AssignmentTestWithJsonServer -->
      <class name="CodingAssignment.AssignmentTest.AssignmentTestsWithJson">
        <test-method is-config="true" signature="BeforeExecution()[pri:0, instance:CodingAssignment.AssignmentTest.AssignmentTestsWithJson@327120c8]" started-at="2022-08-24T12:35:41 IST" name="BeforeExecution" finished-at="2022-08-24T12:35:41 IST" duration-ms="20" status="PASS">
          <reporter-output>
          </reporter-output>
        </test-method> <!-- BeforeExecution -->
        <test-method signature="validateTeamHasAtleastOneWicketKeeper()[pri:0, instance:CodingAssignment.AssignmentTest.AssignmentTestsWithJson@327120c8]" started-at="2022-08-24T12:35:42 IST" name="validateTeamHasAtleastOneWicketKeeper" finished-at="2022-08-24T12:35:42 IST" duration-ms="730" status="PASS">
          <reporter-output>
          </reporter-output>
        </test-method> <!-- validateTeamHasAtleastOneWicketKeeper -->
        <test-method signature="validateTeamHasFourForeignPlayers()[pri:0, instance:CodingAssignment.AssignmentTest.AssignmentTestsWithJson@327120c8]" started-at="2022-08-24T12:35:42 IST" name="validateTeamHasFourForeignPlayers" finished-at="2022-08-24T12:35:43 IST" duration-ms="204" status="PASS">
          <reporter-output>
          </reporter-output>
        </test-method> <!-- validateTeamHasFourForeignPlayers -->
      </class> <!-- CodingAssignment.AssignmentTest.AssignmentTestsWithJson -->
    </test> <!-- Test -->
  </suite> <!-- Suite -->
</testng-results>
