<?xml version="1.0" encoding="UTF-8"?>
<testng-results ignored="1" total="2" passed="1" failed="0" skipped="0">
  <reporter-output>
  </reporter-output>
  <suite started-at="2022-08-24T00:58:47 IST" name="Default suite" finished-at="2022-08-24T00:58:48 IST" duration-ms="1570">
    <groups>
    </groups>
    <test started-at="2022-08-24T00:58:47 IST" name="Default test" finished-at="2022-08-24T00:58:48 IST" duration-ms="1570">
      <class name="CodingAssignment.AssignmentTest.AssignmentTestVagrant">
        <test-method signature="validateTeamHasFourForeignPlayers()[pri:0, instance:CodingAssignment.AssignmentTest.AssignmentTestVagrant@3d1cfad4]" started-at="2022-08-24T00:58:47 IST" name="validateTeamHasFourForeignPlayers" finished-at="2022-08-24T00:58:48 IST" duration-ms="1529" status="PASS">
          <reporter-output>
          </reporter-output>
        </test-method> <!-- validateTeamHasFourForeignPlayers -->
      </class> <!-- CodingAssignment.AssignmentTest.AssignmentTestVagrant -->
    </test> <!-- Default test -->
  </suite> <!-- Default suite -->
</testng-results>
